[NOTE] coq-tactician-stdlib is not installed.

[NOTE] Package coq-tactician-api is already pinned to git+ssh://git@github.com/coq-tactician/coq-tactician-api#16962137da39fc1314839aae0a7fd9b7381da727 (version 15.0+8.11).
[WARNING] Failed checks on coq-tactician-api package definition from source at git+ssh://git@github.com/coq-tactician/coq-tactician-api#16962137da39fc1314839aae0a7fd9b7381da727:
           warning 68: Missing field 'license'
[NOTE] It seems you have not updated your repositories for a while. Consider updating them with:
       opam update

[NOTE] It seems you have not updated your repositories for a while. Consider updating them with:
       opam update

[ERROR] The compilation of coq-tactician-stdlib.8.11.dev failed at "make -j15".

#=== ERROR while compiling coq-tactician-stdlib.8.11.dev ======================#
# context              2.2.1 | linux/x86_64 |  | https://coq.inria.fr/opam/extra-dev#2025-10-24 06:41
# path                 ~/Documents/Projects/Tactician/benchmark-system/tmp/opam-root/bench/.opam-switch/build/coq-tactician-stdlib.8.11.dev
# command              ~/Documents/Projects/Tactician/benchmark-system/tmp/opam-root/bench/bin/tactician exec -- make -j15
# exit-code            2
# env-file             ~/Documents/Projects/Tactician/benchmark-system/tmp/opam-root/log/coq-tactician-stdlib-605707-befc6a.env
# output-file          ~/Documents/Projects/Tactician/benchmark-system/tmp/opam-root/log/coq-tactician-stdlib-605707-befc6a.out
### output ###
# Broken pipe
# [...]
# make: *** [Makefile:66: plugins/rtauto/Rtauto.vo] Error 1
# File "./theories/Arith/Euclid.v", line 11, characters 0-20:
# Error: Error while communicating with proving server:
# Broken pipe
# 
# make: *** [Makefile:66: theories/Arith/Euclid.vo] Error 1
# File "./theories/Lists/SetoidList.v", line 11, characters 0-20:
# Error: Error while communicating with proving server:
# Broken pipe
# 
# make: *** [Makefile:66: theories/Lists/SetoidList.vo] Error 1

2026-02-04 01:24:30.681470+08:00 Error Rpc_parallel: (monitor.ml.Error ("OpamStd.OpamSys.Exit(31)")
  ("Raised at Base__Result.ok_exn in file \"src/result.ml\", line 251, characters 17-26"
    "Called from Async_kernel__Deferred1.M.map.(fun) in file \"src/deferred1.ml\", line 17, characters 40-45"
    "Called from Async_kernel__Job_queue.run_jobs in file \"src/job_queue.ml\", line 180, characters 6-47")) ... Shutting down.
Abnormal exit code for build worker on host lasse-work. Code: 254